#
# There is insufficient memory for the Java Runtime Environment to continue.
# Native memory allocation (malloc) failed to allocate 40976 bytes for Chunk::new
# Possible reasons:
#   The system is out of physical RAM or swap space
#   In 32 bit mode, the process size limit was hit
# Possible solutions:
#   Reduce memory load on the system
#   Increase physical memory or swap space
#   Check if swap backing store is full
#   Use 64 bit Java on a 64 bit OS
#   Decrease Java heap size (-Xmx/-Xms)
#   Decrease number of Java threads
#   Decrease Java thread stack sizes (-Xss)
#   Set larger code cache with -XX:ReservedCodeCacheSize=
# This output file may be truncated or incomplete.
#
#  Out of Memory Error (allocation.cpp:390), pid=24064, tid=0x0000000000000864
#
# JRE version: Java(TM) SE Runtime Environment (8.0_131-b11) (build 1.8.0_131-b11)
# Java VM: Java HotSpot(TM) 64-Bit Server VM (25.131-b11 mixed mode windows-amd64 compressed oops)
# Failed to write core dump. Minidumps are not enabled by default on client versions of Windows
#

---------------  T H R E A D  ---------------

Current thread (0x000000001ad0d800):  JavaThread "C1 CompilerThread3" daemon [_thread_in_native, id=2148, stack(0x000000001b5b0000,0x000000001b6b0000)]

Stack: [0x000000001b5b0000,0x000000001b6b0000]
[error occurred during error reporting (printing stack bounds), id 0xc0000005]

Native frames: (J=compiled Java code, j=interpreted, Vv=VM code, C=native code)


Current CompileTask:
C1:  77421 5323       1       java.text.DecimalFormat::subformat (1238 bytes)


---------------  P R O C E S S  ---------------

Java Threads: ( => current thread )
  0x000000001f144000 JavaThread "lettuce-nioEventLoop-4-4" daemon [_thread_in_native, id=11184, stack(0x0000000022e00000,0x0000000022f00000)]
  0x000000001f146000 JavaThread "lettuce-nioEventLoop-4-3" daemon [_thread_in_native, id=14172, stack(0x0000000022b00000,0x0000000022c00000)]
  0x000000001f143000 JavaThread "lettuce-nioEventLoop-4-2" daemon [_thread_in_native, id=20416, stack(0x0000000022a00000,0x0000000022b00000)]
  0x000000001f142800 JavaThread "lettuce-nioEventLoop-4-1" daemon [_thread_in_native, id=30652, stack(0x0000000000920000,0x0000000000a20000)]
  0x000000001e8c1800 JavaThread "RMI TCP Connection(idle)" daemon [_thread_blocked, id=16968, stack(0x000000001cc30000,0x000000001cd30000)]
  0x000000001e8c5000 JavaThread "DestroyJavaVM" [_thread_blocked, id=29136, stack(0x00000000028a0000,0x00000000029a0000)]
  0x000000001e8c4800 JavaThread "http-nio-8080-Acceptor" daemon [_thread_in_native, id=26820, stack(0x0000000022400000,0x0000000022500000)]
  0x000000001e8c0800 JavaThread "http-nio-8080-Poller" daemon [_thread_in_native, id=22700, stack(0x0000000022300000,0x0000000022400000)]
  0x000000001e8c3800 JavaThread "http-nio-8080-exec-10" daemon [_thread_blocked, id=25032, stack(0x0000000022200000,0x0000000022300000)]
  0x000000001e8c2000 JavaThread "http-nio-8080-exec-9" daemon [_thread_blocked, id=1948, stack(0x0000000022100000,0x0000000022200000)]
  0x000000001e8c3000 JavaThread "http-nio-8080-exec-8" daemon [_thread_blocked, id=25940, stack(0x0000000022000000,0x0000000022100000)]
  0x000000001e8b9000 JavaThread "http-nio-8080-exec-7" daemon [_thread_blocked, id=29072, stack(0x0000000021f00000,0x0000000022000000)]
  0x000000001e8c0000 JavaThread "http-nio-8080-exec-6" daemon [_thread_blocked, id=24892, stack(0x0000000021e00000,0x0000000021f00000)]
  0x000000001e8bf000 JavaThread "http-nio-8080-exec-5" daemon [_thread_blocked, id=31324, stack(0x0000000021d00000,0x0000000021e00000)]
  0x000000001e8b7800 JavaThread "http-nio-8080-exec-4" daemon [_thread_blocked, id=1536, stack(0x0000000021c00000,0x0000000021d00000)]
  0x000000001e8b8800 JavaThread "http-nio-8080-exec-3" daemon [_thread_blocked, id=27548, stack(0x0000000021b00000,0x0000000021c00000)]
  0x000000001e8be800 JavaThread "http-nio-8080-exec-2" daemon [_thread_blocked, id=29032, stack(0x0000000021a00000,0x0000000021b00000)]
  0x000000001e8ba800 JavaThread "http-nio-8080-exec-1" daemon [_thread_blocked, id=24396, stack(0x0000000021900000,0x0000000021a00000)]
  0x000000001e8b7000 JavaThread "Live Reload Server" daemon [_thread_in_native, id=24328, stack(0x0000000021800000,0x0000000021900000)]
  0x000000001e8bd800 JavaThread "File Watcher" daemon [_thread_blocked, id=28736, stack(0x0000000021700000,0x0000000021800000)]
  0x000000001e8bc000 JavaThread "I/O dispatcher 12" [_thread_in_native, id=12804, stack(0x0000000021200000,0x0000000021300000)]
  0x000000001e8b6000 JavaThread "I/O dispatcher 11" [_thread_in_native, id=7720, stack(0x0000000021100000,0x0000000021200000)]
  0x000000001e8bd000 JavaThread "I/O dispatcher 10" [_thread_in_native, id=25476, stack(0x0000000021000000,0x0000000021100000)]
  0x000000001e8bb800 JavaThread "I/O dispatcher 9" [_thread_in_native, id=22464, stack(0x0000000020f00000,0x0000000021000000)]
  0x000000001e8ba000 JavaThread "I/O dispatcher 8" [_thread_in_native, id=15928, stack(0x0000000020e00000,0x0000000020f00000)]
  0x000000001e812800 JavaThread "I/O dispatcher 7" [_thread_in_native, id=23260, stack(0x0000000020d00000,0x0000000020e00000)]
  0x000000001e812000 JavaThread "I/O dispatcher 6" [_thread_in_native, id=25072, stack(0x0000000020c00000,0x0000000020d00000)]
  0x000000001e810800 JavaThread "I/O dispatcher 5" [_thread_in_native, id=11872, stack(0x0000000020b00000,0x0000000020c00000)]
  0x000000001e817000 JavaThread "I/O dispatcher 4" [_thread_in_native, id=1872, stack(0x0000000020a00000,0x0000000020b00000)]
  0x000000001e811000 JavaThread "I/O dispatcher 3" [_thread_in_native, id=1812, stack(0x0000000020900000,0x0000000020a00000)]
  0x000000001e816800 JavaThread "I/O dispatcher 2" [_thread_in_native, id=29232, stack(0x0000000020800000,0x0000000020900000)]
  0x000000001e815800 JavaThread "I/O dispatcher 1" [_thread_in_native, id=23604, stack(0x0000000020700000,0x0000000020800000)]
  0x000000001e813800 JavaThread "pool-1-thread-1" [_thread_in_native, id=10264, stack(0x0000000020600000,0x0000000020700000)]
  0x000000001e815000 JavaThread "lettuce-timer-3-1" daemon [_thread_blocked, id=25440, stack(0x000000001ff00000,0x0000000020000000)]
  0x000000001afd2800 JavaThread "mysql-cj-abandoned-connection-cleanup" daemon [_thread_blocked, id=16112, stack(0x000000001fa00000,0x000000001fb00000)]
  0x000000001c4e3800 JavaThread "container-0" [_thread_blocked, id=12460, stack(0x000000001f900000,0x000000001fa00000)]
  0x000000001c4e3000 JavaThread "Catalina-utility-2" [_thread_blocked, id=29012, stack(0x000000001f800000,0x000000001f900000)]
  0x000000001c4e2000 JavaThread "Catalina-utility-1" [_thread_blocked, id=14444, stack(0x000000001d230000,0x000000001d330000)]
  0x000000001c07e800 JavaThread "RMI Scheduler(0)" daemon [_thread_blocked, id=14148, stack(0x000000001d930000,0x000000001da30000)]
  0x000000001c056000 JavaThread "RMI TCP Connection(idle)" daemon [_thread_blocked, id=13800, stack(0x000000001d830000,0x000000001d930000)]
  0x000000001afe9000 JavaThread "RMI TCP Accept-0" daemon [_thread_in_native, id=31076, stack(0x000000001b7b0000,0x000000001b8b0000)]
  0x000000001adb6000 JavaThread "Service Thread" daemon [_thread_blocked, id=13912, stack(0x000000001b6b0000,0x000000001b7b0000)]
=>0x000000001ad0d800 JavaThread "C1 CompilerThread3" daemon [_thread_in_native, id=2148, stack(0x000000001b5b0000,0x000000001b6b0000)]
  0x000000001ad0d000 JavaThread "C2 CompilerThread2" daemon [_thread_blocked, id=22204, stack(0x000000001b4b0000,0x000000001b5b0000)]
  0x000000001ad0c000 JavaThread "C2 CompilerThread1" daemon [_thread_blocked, id=23356, stack(0x000000001b3b0000,0x000000001b4b0000)]
  0x000000001acae000 JavaThread "C2 CompilerThread0" daemon [_thread_blocked, id=15508, stack(0x000000001b2b0000,0x000000001b3b0000)]
  0x000000001ae05000 JavaThread "Monitor Ctrl-Break" daemon [_thread_in_native, id=27284, stack(0x000000001b1b0000,0x000000001b2b0000)]
  0x000000001945b800 JavaThread "Attach Listener" daemon [_thread_blocked, id=11220, stack(0x000000001a8b0000,0x000000001a9b0000)]
  0x0000000019405000 JavaThread "Signal Dispatcher" daemon [_thread_blocked, id=6152, stack(0x000000001a7b0000,0x000000001a8b0000)]
  0x00000000193e3800 JavaThread "Finalizer" daemon [_thread_blocked, id=24060, stack(0x000000001a640000,0x000000001a740000)]
  0x0000000017d00000 JavaThread "Reference Handler" daemon [_thread_blocked, id=29424, stack(0x000000001a540000,0x000000001a640000)]

Other Threads:
  0x00000000193c2800 VMThread [stack: 0x000000001a440000,0x000000001a540000] [id=13340]
  0x000000001aff7000 WatcherThread [stack: 0x000000001b8b0000,0x000000001b9b0000] [id=18796]

VM state:not at safepoint (normal execution)

VM Mutex/Monitor currently owned by a thread: None

Heap:
 PSYoungGen      total 263680K, used 14815K [0x00000000d6300000, 0x00000000eae80000, 0x0000000100000000)
  eden space 246272K, 6% used [0x00000000d6300000,0x00000000d7177ed8,0x00000000e5380000)
  from space 17408K, 0% used [0x00000000e5380000,0x00000000e5380000,0x00000000e6480000)
  to   space 19968K, 0% used [0x00000000e9b00000,0x00000000e9b00000,0x00000000eae80000)
 ParOldGen       total 81408K, used 29084K [0x0000000082800000, 0x0000000087780000, 0x00000000d6300000)
  object space 81408K, 35% used [0x0000000082800000,0x0000000084467350,0x0000000087780000)
 Metaspace       used 55723K, capacity 59541K, committed 59776K, reserved 1101824K
  class space    used 7543K, capacity 8300K, committed 8320K, reserved 1048576K

Card table byte_map: [0x0000000011fd0000,0x00000000123c0000] byte_map_base: 0x0000000011bbc000

Marking Bits: (ParMarkBitMap*) 0x000000005ae9c720
 Begin Bits: [0x0000000013060000, 0x0000000014fc0000)
 End Bits:   [0x0000000014fc0000, 0x0000000016f20000)

Polling page: 0x0000000000ab0000

CodeCache: size=245760Kb used=9964Kb max_used=9964Kb free=235795Kb
 bounds [0x0000000002c10000, 0x00000000035d0000, 0x0000000011c10000]
 total_blobs=5772 nmethods=5213 adapters=470
 compilation: enabled

Compilation events (10 events):
Event: 77.386 Thread 0x000000001ad0d800 nmethod 5317 0x00000000035cb450 code [0x00000000035cb5e0, 0x00000000035cb9d8]
Event: 77.386 Thread 0x000000001ad0d800 5318       1       ch.qos.logback.classic.filter.ThresholdFilter::decide (9 bytes)
Event: 77.386 Thread 0x000000001ad0d800 nmethod 5318 0x00000000035cbcd0 code [0x00000000035cbe40, 0x00000000035cc050]
Event: 77.386 Thread 0x000000001ad0d800 5319   !   1       ch.qos.logback.core.recovery.ResilientOutputStreamBase::write (48 bytes)
Event: 77.387 Thread 0x000000001ad0d800 nmethod 5319 0x00000000035cc1d0 code [0x00000000035cc360, 0x00000000035cc5a8]
Event: 77.406 Thread 0x000000001ad0d800 5320       1       java.text.DecimalFormat::setMaximumIntegerDigits (87 bytes)
Event: 77.406 Thread 0x000000001ad0d800 nmethod 5320 0x00000000035cc710 code [0x00000000035cc860, 0x00000000035cca10]
Event: 77.406 Thread 0x000000001ad0d800 5321       1       java.text.NumberFormat::setMaximumIntegerDigits (29 bytes)
Event: 77.406 Thread 0x000000001ad0d800 nmethod 5321 0x00000000035cca90 code [0x00000000035ccbe0, 0x00000000035ccd10]
Event: 77.407 Thread 0x000000001ad0d800 5323       1       java.text.DecimalFormat::subformat (1238 bytes)

GC Heap History (10 events):
Event: 8.179 GC heap before
{Heap before GC invocations=10 (full 2):
 PSYoungGen      total 205312K, used 9719K [0x00000000d6300000, 0x00000000e4e00000, 0x0000000100000000)
  eden space 195584K, 0% used [0x00000000d6300000,0x00000000d6300000,0x00000000e2200000)
  from space 9728K, 99% used [0x00000000e2e00000,0x00000000e377dc18,0x00000000e3780000)
  to   space 12288K, 0% used [0x00000000e2200000,0x00000000e2200000,0x00000000e2e00000)
 ParOldGen       total 49664K, used 10143K [0x0000000082800000, 0x0000000085880000, 0x00000000d6300000)
  object space 49664K, 20% used [0x0000000082800000,0x00000000831e7c88,0x0000000085880000)
 Metaspace       used 33299K, capacity 35315K, committed 35456K, reserved 1079296K
  class space    used 4428K, capacity 4872K, committed 4992K, reserved 1048576K
Event: 8.310 GC heap after
Heap after GC invocations=10 (full 2):
 PSYoungGen      total 205312K, used 0K [0x00000000d6300000, 0x00000000e4e00000, 0x0000000100000000)
  eden space 195584K, 0% used [0x00000000d6300000,0x00000000d6300000,0x00000000e2200000)
  from space 9728K, 0% used [0x00000000e2e00000,0x00000000e2e00000,0x00000000e3780000)
  to   space 12288K, 0% used [0x00000000e2200000,0x00000000e2200000,0x00000000e2e00000)
 ParOldGen       total 81408K, used 17395K [0x0000000082800000, 0x0000000087780000, 0x00000000d6300000)
  object space 81408K, 21% used [0x0000000082800000,0x00000000838fcde8,0x0000000087780000)
 Metaspace       used 33299K, capacity 35315K, committed 35456K, reserved 1079296K
  class space    used 4428K, capacity 4872K, committed 4992K, reserved 1048576K
}
Event: 10.358 GC heap before
{Heap before GC invocations=11 (full 2):
 PSYoungGen      total 205312K, used 195584K [0x00000000d6300000, 0x00000000e4e00000, 0x0000000100000000)
  eden space 195584K, 100% used [0x00000000d6300000,0x00000000e2200000,0x00000000e2200000)
  from space 9728K, 0% used [0x00000000e2e00000,0x00000000e2e00000,0x00000000e3780000)
  to   space 12288K, 0% used [0x00000000e2200000,0x00000000e2200000,0x00000000e2e00000)
 ParOldGen       total 81408K, used 17395K [0x0000000082800000, 0x0000000087780000, 0x00000000d6300000)
  object space 81408K, 21% used [0x0000000082800000,0x00000000838fcde8,0x0000000087780000)
 Metaspace       used 42036K, capacity 44699K, committed 44928K, reserved 1087488K
  class space    used 5650K, capacity 6194K, committed 6272K, reserved 1048576K
Event: 10.399 GC heap after
Heap after GC invocations=11 (full 2):
 PSYoungGen      total 207872K, used 11445K [0x00000000d6300000, 0x00000000e7300000, 0x0000000100000000)
  eden space 195584K, 0% used [0x00000000d6300000,0x00000000d6300000,0x00000000e2200000)
  from space 12288K, 93% used [0x00000000e2200000,0x00000000e2d2d460,0x00000000e2e00000)
  to   space 13312K, 0% used [0x00000000e6600000,0x00000000e6600000,0x00000000e7300000)
 ParOldGen       total 81408K, used 17403K [0x0000000082800000, 0x0000000087780000, 0x00000000d6300000)
  object space 81408K, 21% used [0x0000000082800000,0x00000000838fede8,0x0000000087780000)
 Metaspace       used 42036K, capacity 44699K, committed 44928K, reserved 1087488K
  class space    used 5650K, capacity 6194K, committed 6272K, reserved 1048576K
}
Event: 14.051 GC heap before
{Heap before GC invocations=12 (full 2):
 PSYoungGen      total 207872K, used 207029K [0x00000000d6300000, 0x00000000e7300000, 0x0000000100000000)
  eden space 195584K, 100% used [0x00000000d6300000,0x00000000e2200000,0x00000000e2200000)
  from space 12288K, 93% used [0x00000000e2200000,0x00000000e2d2d460,0x00000000e2e00000)
  to   space 13312K, 0% used [0x00000000e6600000,0x00000000e6600000,0x00000000e7300000)
 ParOldGen       total 81408K, used 17403K [0x0000000082800000, 0x0000000087780000, 0x00000000d6300000)
  object space 81408K, 21% used [0x0000000082800000,0x00000000838fede8,0x0000000087780000)
 Metaspace       used 50756K, capacity 54177K, committed 54272K, reserved 1095680K
  class space    used 6914K, capacity 7620K, committed 7680K, reserved 1048576K
Event: 14.073 GC heap after
Heap after GC invocations=12 (full 2):
 PSYoungGen      total 259584K, used 13306K [0x00000000d6300000, 0x00000000e7580000, 0x0000000100000000)
  eden space 246272K, 0% used [0x00000000d6300000,0x00000000d6300000,0x00000000e5380000)
  from space 13312K, 99% used [0x00000000e6600000,0x00000000e72fea40,0x00000000e7300000)
  to   space 17408K, 0% used [0x00000000e5380000,0x00000000e5380000,0x00000000e6480000)
 ParOldGen       total 81408K, used 24263K [0x0000000082800000, 0x0000000087780000, 0x00000000d6300000)
  object space 81408K, 29% used [0x0000000082800000,0x0000000083fb1d70,0x0000000087780000)
 Metaspace       used 50756K, capacity 54177K, committed 54272K, reserved 1095680K
  class space    used 6914K, capacity 7620K, committed 7680K, reserved 1048576K
}
Event: 76.644 GC heap before
{Heap before GC invocations=13 (full 2):
 PSYoungGen      total 259584K, used 113752K [0x00000000d6300000, 0x00000000e7580000, 0x0000000100000000)
  eden space 246272K, 40% used [0x00000000d6300000,0x00000000dc5177a0,0x00000000e5380000)
  from space 13312K, 99% used [0x00000000e6600000,0x00000000e72fea40,0x00000000e7300000)
  to   space 17408K, 0% used [0x00000000e5380000,0x00000000e5380000,0x00000000e6480000)
 ParOldGen       total 81408K, used 24263K [0x0000000082800000, 0x0000000087780000, 0x00000000d6300000)
  object space 81408K, 29% used [0x0000000082800000,0x0000000083fb1d70,0x0000000087780000)
 Metaspace       used 55354K, capacity 59041K, committed 59096K, reserved 1099776K
  class space    used 7452K, capacity 8188K, committed 8192K, reserved 1048576K
Event: 76.663 GC heap after
Heap after GC invocations=13 (full 2):
 PSYoungGen      total 263680K, used 17392K [0x00000000d6300000, 0x00000000eae80000, 0x0000000100000000)
  eden space 246272K, 0% used [0x00000000d6300000,0x00000000d6300000,0x00000000e5380000)
  from space 17408K, 99% used [0x00000000e5380000,0x00000000e647c218,0x00000000e6480000)
  to   space 19968K, 0% used [0x00000000e9b00000,0x00000000e9b00000,0x00000000eae80000)
 ParOldGen       total 81408K, used 24886K [0x0000000082800000, 0x0000000087780000, 0x00000000d6300000)
  object space 81408K, 30% used [0x0000000082800000,0x000000008404db40,0x0000000087780000)
 Metaspace       used 55354K, capacity 59041K, committed 59096K, reserved 1099776K
  class space    used 7452K, capacity 8188K, committed 8192K, reserved 1048576K
}
Event: 76.663 GC heap before
{Heap before GC invocations=14 (full 3):
 PSYoungGen      total 263680K, used 17392K [0x00000000d6300000, 0x00000000eae80000, 0x0000000100000000)
  eden space 246272K, 0% used [0x00000000d6300000,0x00000000d6300000,0x00000000e5380000)
  from space 17408K, 99% used [0x00000000e5380000,0x00000000e647c218,0x00000000e6480000)
  to   space 19968K, 0% used [0x00000000e9b00000,0x00000000e9b00000,0x00000000eae80000)
 ParOldGen       total 81408K, used 24886K [0x0000000082800000, 0x0000000087780000, 0x00000000d6300000)
  object space 81408K, 30% used [0x0000000082800000,0x000000008404db40,0x0000000087780000)
 Metaspace       used 55354K, capacity 59041K, committed 59096K, reserved 1099776K
  class space    used 7452K, capacity 8188K, committed 8192K, reserved 1048576K
Event: 76.937 GC heap after
Heap after GC invocations=14 (full 3):
 PSYoungGen      total 263680K, used 0K [0x00000000d6300000, 0x00000000eae80000, 0x0000000100000000)
  eden space 246272K, 0% used [0x00000000d6300000,0x00000000d6300000,0x00000000e5380000)
  from space 17408K, 0% used [0x00000000e5380000,0x00000000e5380000,0x00000000e6480000)
  to   space 19968K, 0% used [0x00000000e9b00000,0x00000000e9b00000,0x00000000eae80000)
 ParOldGen       total 81408K, used 29084K [0x0000000082800000, 0x0000000087780000, 0x00000000d6300000)
  object space 81408K, 35% used [0x0000000082800000,0x0000000084467350,0x0000000087780000)
 Metaspace       used 55332K, capacity 59005K, committed 59096K, reserved 1099776K
  class space    used 7448K, capacity 8182K, committed 8192K, reserved 1048576K
}

Deoptimization events (0 events):
No events

Internal exceptions (10 events):
Event: 77.300 Thread 0x000000001f146000 Exception <a 'java/lang/OutOfMemoryError'> (0x00000000d6df9900) thrown at [C:\re\workspace\8-2-build-windows-amd64-cygwin\jdk8u131\8869\hotspot\src\share\vm\prims\unsafe.cpp, line 634]
Event: 77.300 Thread 0x000000001f146000 Exception <a 'java/lang/OutOfMemoryError'> (0x00000000d6df9900) thrown at [C:\re\workspace\8-2-build-windows-amd64-cygwin\jdk8u131\8869\hotspot\src\share\vm\prims\jni.cpp, line 709]
Event: 77.301 Thread 0x000000001f146000 Exception <a 'java/lang/OutOfMemoryError'> (0x00000000d6dfa9a8) thrown at [C:\re\workspace\8-2-build-windows-amd64-cygwin\jdk8u131\8869\hotspot\src\share\vm\prims\unsafe.cpp, line 634]
Event: 77.301 Thread 0x000000001f146000 Exception <a 'java/lang/OutOfMemoryError'> (0x00000000d6dfa9a8) thrown at [C:\re\workspace\8-2-build-windows-amd64-cygwin\jdk8u131\8869\hotspot\src\share\vm\prims\jni.cpp, line 709]
Event: 77.302 Thread 0x000000001f146000 Exception <a 'java/lang/NullPointerException'> (0x00000000d6dfd348) thrown at [C:\re\workspace\8-2-build-windows-amd64-cygwin\jdk8u131\8869\hotspot\src\share\vm\interpreter\linkResolver.cpp, line 1197]
Event: 77.376 Thread 0x000000001f144000 Exception <a 'java/lang/OutOfMemoryError'> (0x00000000d7019810) thrown at [C:\re\workspace\8-2-build-windows-amd64-cygwin\jdk8u131\8869\hotspot\src\share\vm\prims\unsafe.cpp, line 634]
Event: 77.376 Thread 0x000000001f144000 Exception <a 'java/lang/OutOfMemoryError'> (0x00000000d7019810) thrown at [C:\re\workspace\8-2-build-windows-amd64-cygwin\jdk8u131\8869\hotspot\src\share\vm\prims\jni.cpp, line 709]
Event: 77.377 Thread 0x000000001f144000 Exception <a 'java/lang/OutOfMemoryError'> (0x00000000d701a8b8) thrown at [C:\re\workspace\8-2-build-windows-amd64-cygwin\jdk8u131\8869\hotspot\src\share\vm\prims\unsafe.cpp, line 634]
Event: 77.377 Thread 0x000000001f144000 Exception <a 'java/lang/OutOfMemoryError'> (0x00000000d701a8b8) thrown at [C:\re\workspace\8-2-build-windows-amd64-cygwin\jdk8u131\8869\hotspot\src\share\vm\prims\jni.cpp, line 709]
Event: 77.378 Thread 0x000000001f144000 Exception <a 'java/lang/NullPointerException'> (0x00000000d701d258) thrown at [C:\re\workspace\8-2-build-windows-amd64-cygwin\jdk8u131\8869\hotspot\src\share\vm\interpreter\linkResolver.cpp, line 1197]

Events (10 events):
Event: 77.376 Executing VM operation: RevokeBias
Event: 77.376 Executing VM operation: RevokeBias done
Event: 77.377 Executing VM operation: RevokeBias
Event: 77.377 Executing VM operation: RevokeBias done
Event: 77.378 Executing VM operation: RevokeBias
Event: 77.378 Executing VM operation: RevokeBias done
Event: 77.378 Executing VM operation: RevokeBias
Event: 77.378 Executing VM operation: RevokeBias done
Event: 77.378 Executing VM operation: RevokeBias
Event: 77.378 Executing VM operation: RevokeBias done


Dynamic libraries:
0x00007ff6e91d0000 - 0x00007ff6e9207000 	C:\Program Files\Java\jdk1.8.0_131\bin\java.exe
0x00007ff996570000 - 0x00007ff996784000 	C:\WINDOWS\SYSTEM32\ntdll.dll
0x00007ff9948c0000 - 0x00007ff994982000 	C:\WINDOWS\System32\KERNEL32.DLL
0x00007ff993bb0000 - 0x00007ff993f4c000 	C:\WINDOWS\System32\KERNELBASE.dll
0x00007ff995650000 - 0x00007ff9956fe000 	C:\WINDOWS\System32\ADVAPI32.dll
0x00007ff9945b0000 - 0x00007ff994657000 	C:\WINDOWS\System32\msvcrt.dll
0x00007ff995400000 - 0x00007ff9954a4000 	C:\WINDOWS\System32\sechost.dll
0x00007ff994660000 - 0x00007ff994777000 	C:\WINDOWS\System32\RPCRT4.dll
0x00007ff996280000 - 0x00007ff99642b000 	C:\WINDOWS\System32\USER32.dll
0x00007ff993a70000 - 0x00007ff993a96000 	C:\WINDOWS\System32\win32u.dll
0x00007ff994780000 - 0x00007ff9947a9000 	C:\WINDOWS\System32\GDI32.dll
0x00007ff994140000 - 0x00007ff994253000 	C:\WINDOWS\System32\gdi32full.dll
0x00007ff993aa0000 - 0x00007ff993b3a000 	C:\WINDOWS\System32\msvcp_win.dll
0x00007ff994260000 - 0x00007ff994371000 	C:\WINDOWS\System32\ucrtbase.dll
0x00007ff97f0d0000 - 0x00007ff97f35e000 	C:\WINDOWS\WinSxS\amd64_microsoft.windows.common-controls_6595b64144ccf1df_6.0.22621.608_none_a9444ca7c10bb01d\COMCTL32.dll
0x00007ff995510000 - 0x00007ff995541000 	C:\WINDOWS\System32\IMM32.DLL
0x000000005b980000 - 0x000000005ba52000 	C:\Program Files\Java\jdk1.8.0_131\jre\bin\msvcr100.dll
0x000000005a680000 - 0x000000005af1c000 	C:\Program Files\Java\jdk1.8.0_131\jre\bin\server\jvm.dll
0x00007ff994850000 - 0x00007ff994858000 	C:\WINDOWS\System32\PSAPI.DLL
0x00007ff98ca50000 - 0x00007ff98ca5a000 	C:\WINDOWS\SYSTEM32\VERSION.dll
0x00007ff973cd0000 - 0x00007ff973cd9000 	C:\WINDOWS\SYSTEM32\WSOCK32.dll
0x00007ff98d7a0000 - 0x00007ff98d7d4000 	C:\WINDOWS\SYSTEM32\WINMM.dll
0x00007ff995ca0000 - 0x00007ff995d11000 	C:\WINDOWS\System32\WS2_32.dll
0x000000005b970000 - 0x000000005b97f000 	C:\Program Files\Java\jdk1.8.0_131\jre\bin\verify.dll
0x000000005b940000 - 0x000000005b969000 	C:\Program Files\Java\jdk1.8.0_131\jre\bin\java.dll
0x000000005b8f0000 - 0x000000005b913000 	C:\Program Files\Java\jdk1.8.0_131\jre\bin\instrument.dll
0x000000005b920000 - 0x000000005b936000 	C:\Program Files\Java\jdk1.8.0_131\jre\bin\zip.dll
0x00007ff994a70000 - 0x00007ff995260000 	C:\WINDOWS\System32\SHELL32.dll
0x00007ff9919d0000 - 0x00007ff99229d000 	C:\WINDOWS\SYSTEM32\windows.storage.dll
0x00007ff995db0000 - 0x00007ff996139000 	C:\WINDOWS\System32\combase.dll
0x00007ff991890000 - 0x00007ff9919ce000 	C:\WINDOWS\SYSTEM32\wintypes.dll
0x00007ff996430000 - 0x00007ff996521000 	C:\WINDOWS\System32\SHCORE.dll
0x00007ff9954b0000 - 0x00007ff99550e000 	C:\WINDOWS\System32\shlwapi.dll
0x00007ff9938e0000 - 0x00007ff993901000 	C:\WINDOWS\SYSTEM32\profapi.dll
0x000000005b8d0000 - 0x000000005b8ea000 	C:\Program Files\Java\jdk1.8.0_131\jre\bin\net.dll
0x00007ff992f60000 - 0x00007ff992fc9000 	C:\WINDOWS\system32\mswsock.dll
0x00007ff9925d0000 - 0x00007ff9926c3000 	C:\WINDOWS\SYSTEM32\DNSAPI.dll
0x00007ff992560000 - 0x00007ff99258d000 	C:\WINDOWS\SYSTEM32\IPHLPAPI.DLL
0x00007ff995d70000 - 0x00007ff995d79000 	C:\WINDOWS\System32\NSI.dll
0x00007ff98b810000 - 0x00007ff98b81a000 	C:\Windows\System32\rasadhlp.dll
0x00007ff98c6d0000 - 0x00007ff98c753000 	C:\WINDOWS\System32\fwpuclnt.dll
0x000000005b8a0000 - 0x000000005b8ad000 	C:\Program Files\Java\jdk1.8.0_131\jre\bin\management.dll
0x000000005b8b0000 - 0x000000005b8c1000 	C:\Program Files\Java\jdk1.8.0_131\jre\bin\nio.dll
0x00007ff9931d0000 - 0x00007ff9931eb000 	C:\WINDOWS\SYSTEM32\CRYPTSP.dll
0x00007ff992a60000 - 0x00007ff992a95000 	C:\WINDOWS\system32\rsaenh.dll
0x00007ff993060000 - 0x00007ff993088000 	C:\WINDOWS\SYSTEM32\USERENV.dll
0x00007ff993360000 - 0x00007ff993388000 	C:\WINDOWS\SYSTEM32\bcrypt.dll
0x00007ff993f50000 - 0x00007ff993fcb000 	C:\WINDOWS\System32\bcryptprimitives.dll
0x00007ff9931c0000 - 0x00007ff9931cc000 	C:\WINDOWS\SYSTEM32\CRYPTBASE.dll
0x00007ff98d200000 - 0x00007ff98d219000 	C:\WINDOWS\SYSTEM32\dhcpcsvc6.DLL
0x00007ff98d140000 - 0x00007ff98d15f000 	C:\WINDOWS\SYSTEM32\dhcpcsvc.DLL
0x00007ff965940000 - 0x00007ff965957000 	C:\WINDOWS\system32\napinsp.dll
0x00007ff965920000 - 0x00007ff96593b000 	C:\WINDOWS\system32\pnrpnsp.dll
0x00007ff965900000 - 0x00007ff965911000 	C:\WINDOWS\System32\winrnr.dll
0x00007ff9658c0000 - 0x00007ff9658d5000 	C:\WINDOWS\system32\wshbth.dll
0x00007ff965890000 - 0x00007ff9658b1000 	C:\WINDOWS\system32\nlansp_c.dll
0x000000005b870000 - 0x000000005b894000 	C:\Program Files\Java\jdk1.8.0_131\jre\bin\sunec.dll
0x000000005b860000 - 0x000000005b86b000 	C:\Program Files\Java\jdk1.8.0_131\jre\bin\sunmscapi.dll
0x00007ff993fd0000 - 0x00007ff994136000 	C:\WINDOWS\System32\CRYPT32.dll

VM Arguments:
jvm_args: -XX:TieredStopAtLevel=1 -Xverify:none -Dspring.output.ansi.enabled=always -javaagent:D:\工具存放包\IDEA\IntelliJ IDEA 2021.2.3\lib\idea_rt.jar=55770:D:\工具存放包\IDEA\IntelliJ IDEA 2021.2.3\bin -Dcom.sun.management.jmxremote -Dspring.jmx.enabled=true -Dspring.liveBeansView.mbeanDomain -Dspring.application.admin.enabled=true -Dfile.encoding=UTF-8 
java_command: com.fuchen.travel.background.TravelGroupBackgroundApplication
java_class_path (initial): C:\Program Files\Java\jdk1.8.0_131\jre\lib\charsets.jar;C:\Program Files\Java\jdk1.8.0_131\jre\lib\deploy.jar;C:\Program Files\Java\jdk1.8.0_131\jre\lib\ext\access-bridge-64.jar;C:\Program Files\Java\jdk1.8.0_131\jre\lib\ext\cldrdata.jar;C:\Program Files\Java\jdk1.8.0_131\jre\lib\ext\dnsns.jar;C:\Program Files\Java\jdk1.8.0_131\jre\lib\ext\jaccess.jar;C:\Program Files\Java\jdk1.8.0_131\jre\lib\ext\jfxrt.jar;C:\Program Files\Java\jdk1.8.0_131\jre\lib\ext\localedata.jar;C:\Program Files\Java\jdk1.8.0_131\jre\lib\ext\nashorn.jar;C:\Program Files\Java\jdk1.8.0_131\jre\lib\ext\sunec.jar;C:\Program Files\Java\jdk1.8.0_131\jre\lib\ext\sunjce_provider.jar;C:\Program Files\Java\jdk1.8.0_131\jre\lib\ext\sunmscapi.jar;C:\Program Files\Java\jdk1.8.0_131\jre\lib\ext\sunpkcs11.jar;C:\Program Files\Java\jdk1.8.0_131\jre\lib\ext\zipfs.jar;C:\Program Files\Java\jdk1.8.0_131\jre\lib\javaws.jar;C:\Program Files\Java\jdk1.8.0_131\jre\lib\jce.jar;C:\Program Files\Java\jdk1.8.0_131\jre\lib\jfr.jar;C:\Program Files\Java\jdk1.8.0_131\jre\lib\jfxswt.jar;C:\Program Files\Java\jdk1.8.0_131\jre\lib\jsse.jar;C:\Program Files\Java\jdk1.8.0_131\jre\lib\management-agent.jar;C:\Program Files\Java\jdk1.8.0_131\jre\lib\plugin.jar;C:\Program Files\Java\jdk1.8.0_131\jre\lib\resources.jar;C:\Program Files\Java\jdk1.8.0_131\jre\lib\rt.jar;D:\java\target\classes;D:\MAVEN\apache-maven-3.8.4\mvn-repository\org\springframework\boot\spring-boot-starter-mail\2.7.0\spring-boot-starter-mail-2.7.0.jar;D:\MAVEN\apache-maven-3.8.4\mvn-repository\org\springframework\boot\spring-boot-starter\2.7.0\spring-boot-starter-2.7.0.jar;D:\MAVEN\apache-maven-3.8.4\mvn-repository\org\springframework\boot\spring-boot-starter-logging\2.7.0\spring-boot-starter-logging-2.7.0.jar;D:\MAVEN\apache-maven-3.8.4\mvn-repository\ch\qos\logback\logback-classic\1.2.11\logback-classic-1.2.11.jar;D:\MAVEN\apache-maven-3.8.4\mvn-repository\ch\qos\logback\logback-core\1.2.11\logback-core-1.2.11.jar;D:\MAVEN\apache-ma
Launcher Type: SUN_STANDARD

Environment Variables:
JAVA_HOME=D:\java
CLASSPATH=.;D:\java\lib\dt.jar;D:\java\lib\tools.jar
PATH=D:\管家\虚拟机\bin\;C:\ProgramData\Oracle\Java\javapath;C:\Program Files\Common Files\Oracle\Java\javapath;C:\Program Files\Microsoft MPI\Bin\;C:\WINDOWS\system32;C:\WINDOWS;C:\WINDOWS\System32\Wbem;C:\WINDOWS\System32\WindowsPowerShell\v1.0\;C:\WINDOWS\System32\OpenSSH\;C:\Program Files (x86)\Microsoft SQL Server\150\DTS\Binn\;C:\Program Files\Azure Data Studio\bin;D:\java\bin;D:\mysql\mysql-5.7.34-winx64\bin;C:\Program Files\Microsoft SQL Server\Client SDK\ODBC\130\Tools\Binn\;C:\Program Files (x86)\Microsoft SQL Server\140\Tools\Binn\;C:\Program Files\Microsoft SQL Server\140\Tools\Binn\;C:\Program Files\Microsoft SQL Server\140\DTS\Binn\;D:\java\jre\bin;C:\Program Files\MySQL\MySQL Server 8.0\bin;D:\MAVEN\apache-maven-3.8.4\bin;D:\工具存放包\版本控制工具\Git\cmd;D:\消息队列\搜索引擎\elasticsearch-6.4.3\bin;D:\消息队列\搜索引擎\elasticsearch-7.17.4\bin;;C:\Program Files (x86)\Tencent\微信web开发者工具\dll;D:\xshell\;D:\Python\Scripts\;D:\Python\;C:\Users\十三\AppData\Local\Microsoft\WindowsApps;;C:\Program Files\Azure Data Studio\bin
USERNAME=十三
OS=Windows_NT
PROCESSOR_IDENTIFIER=Intel64 Family 6 Model 158 Stepping 10, GenuineIntel



---------------  S Y S T E M  ---------------

OS: Windows 10.0 , 64 bit Build 22621 (10.0.22621.1485)

CPU:total 12 (initial active 12) (6 cores per cpu, 2 threads per core) family 6 model 158 stepping 10, cmov, cx8, fxsr, mmx, sse, sse2, sse3, ssse3, sse4.1, sse4.2, popcnt, avx, avx2, aes, clmul, erms, 3dnowpref, lzcnt, ht, tsc, tscinvbit, bmi1, bmi2, adx

Memory: 4k page, physical 8221748k(316048k free), swap 24384264k(0k free)

vm_info: Java HotSpot(TM) 64-Bit Server VM (25.131-b11) for windows-amd64 JRE (1.8.0_131-b11), built on Mar 15 2017 01:23:53 by "java_re" with MS VC++ 10.0 (VS2010)

time: Thu Apr 27 14:18:03 2023
elapsed time: 77 seconds (0d 0h 1m 17s)

