JvmtiExport can_access_local_variables 0
JvmtiExport can_hotswap_or_post_breakpoint 0
JvmtiExport can_post_on_exceptions 0
# 141 ciObject found
ciMethod java/lang/System arraycopy (Ljava/lang/Object;ILjava/lang/Object;II)V 70657 1 8832 0 -1
ciMethod java/lang/StringBuffer length ()I 1065 1 133 0 -1
ciMethod java/lang/StringBuffer append (Ljava/lang/String;)Ljava/lang/StringBuffer; 4097 1 517 0 -1
ciMethod java/lang/StringBuffer append (C)Ljava/lang/StringBuffer; 4097 1 49141 0 -1
ciMethod java/lang/AbstractStringBuilder ensureCapacityInternal (I)V 4097 1 54018 0 -1
ciMethod java/lang/AbstractStringBuilder newCapacity (I)I 4097 1 897 0 -1
ciMethod java/lang/AbstractStringBuilder append (Ljava/lang/String;)Ljava/lang/AbstractStringBuilder; 4097 1 2180 0 -1
ciMethod java/lang/AbstractStringBuilder append (C)Ljava/lang/AbstractStringBuilder; 4097 1 51849 0 -1
ciMethod java/lang/Math min (II)I 4097 1 6758 0 -1
ciMethod java/util/Arrays copyOf ([CI)[C 4097 1 1050 0 -1
ciMethod java/text/NumberFormat isGroupingUsed ()Z 1033 1 129 0 -1
ciMethod java/text/DecimalFormatSymbols getZeroDigit ()C 1033 1 129 0 -1
ciMethod java/text/DecimalFormatSymbols getGroupingSeparator ()C 1025 1 128 0 -1
ciMethod java/text/DecimalFormatSymbols getDecimalSeparator ()C 1025 1 128 0 -1
ciMethod java/text/DecimalFormatSymbols getMinusSign ()C 17 1 2 0 -1
ciMethod java/text/DecimalFormatSymbols getMonetaryDecimalSeparator ()C 0 0 1 0 -1
ciMethod java/text/DecimalFormatSymbols getExponentSeparator ()Ljava/lang/String; 0 0 1 0 -1
ciMethod java/text/DecimalFormat subformat (Ljava/lang/StringBuffer;Ljava/text/Format$FieldDelegate;ZZIIII)Ljava/lang/StringBuffer; 3081 9241 384 0 -1
ciMethod java/text/DecimalFormat append (Ljava/lang/StringBuffer;Ljava/lang/String;Ljava/text/Format$FieldDelegate;[Ljava/text/FieldPosition;Ljava/text/Format$Field;)V 3089 1 386 0 -1
ciMethod java/text/DecimalFormat getPositivePrefixFieldPositions ()[Ljava/text/FieldPosition; 3081 1 385 0 -1
ciMethod java/text/DecimalFormat getNegativePrefixFieldPositions ()[Ljava/text/FieldPosition; 0 0 1 0 -1
ciMethod java/text/DecimalFormat getPositiveSuffixFieldPositions ()[Ljava/text/FieldPosition; 3081 1 385 0 -1
ciMethod java/text/DecimalFormat getNegativeSuffixFieldPositions ()[Ljava/text/FieldPosition; 0 0 1 0 -1
ciMethod java/text/DigitList isZero ()Z 3081 1 385 0 -1
ciMethod java/text/DigitList set (ZJ)V 0 0 1 0 -1
ciMethod java/text/DigitList set (ZJI)V 2633 8233 329 0 -1
ciMethod java/text/Format$FieldDelegate formatted (Ljava/text/Format$Field;Ljava/lang/Object;IILjava/lang/StringBuffer;)V 0 0 1 0 -1
ciMethod java/text/Format$FieldDelegate formatted (ILjava/text/Format$Field;Ljava/lang/Object;IILjava/lang/StringBuffer;)V 0 0 1 0 -1
ciMethod java/text/DontCareFieldPosition$1 formatted (Ljava/text/Format$Field;Ljava/lang/Object;IILjava/lang/StringBuffer;)V 0 0 1 0 -1
ciMethod java/text/DontCareFieldPosition$1 formatted (ILjava/text/Format$Field;Ljava/lang/Object;IILjava/lang/StringBuffer;)V 2065 1 258 0 -1
instanceKlass org/springframework/web/servlet/mvc/method/RequestMappingInfoHandlerMapping$$Lambda$1204
instanceKlass org/springframework/web/servlet/handler/AbstractHandlerMethodMapping$MatchComparator
instanceKlass org/springframework/security/web/firewall/StrictHttpFirewall$StrictFirewalledRequest$1
instanceKlass org/apache/catalina/AccessLog
instanceKlass org/apache/coyote/http11/Constants
instanceKlass org/springframework/security/core/Transient
instanceKlass org/springframework/security/web/firewall/FirewalledResponse$$Lambda$1203
instanceKlass org/springframework/web/bind/annotation/RequestAttribute
instanceKlass org/springframework/web/bind/annotation/SessionAttribute
instanceKlass org/springframework/web/bind/support/SimpleSessionStatus
instanceKlass org/springframework/web/bind/support/SessionStatus
instanceKlass io/lettuce/core/protocol/DefaultEndpoint$$Lambda$1202
instanceKlass io/lettuce/core/protocol/DefaultEndpoint$$Lambda$1201
instanceKlass io/lettuce/core/protocol/SharedLock$$Lambda$1200
instanceKlass io/lettuce/core/protocol/DefaultEndpoint$$Lambda$1199
instanceKlass io/lettuce/core/protocol/DefaultEndpoint$$Lambda$1198
instanceKlass io/lettuce/core/internal/Exceptions
instanceKlass io/lettuce/core/RedisChannelHandler$$Lambda$1197
instanceKlass io/lettuce/core/protocol/DefaultEndpoint$$Lambda$1196
instanceKlass java/lang/invoke/LambdaForm$DMH
instanceKlass io/lettuce/core/protocol/DefaultEndpoint$$Lambda$1195
instanceKlass io/lettuce/core/protocol/RedisHandshakeHandler$$Lambda$1194
instanceKlass io/netty/channel/AbstractChannel$AbstractUnsafe$7
instanceKlass io/lettuce/core/protocol/RedisHandshakeHandler$$Lambda$1193
instanceKlass io/lettuce/core/RedisHandshake$$Lambda$1192
instanceKlass io/lettuce/core/RedisHandshake$$Lambda$1191
instanceKlass io/lettuce/core/RedisHandshake$$Lambda$1190
instanceKlass io/netty/util/internal/PromiseNotificationUtil
instanceKlass io/lettuce/core/protocol/CommandHandler$AddToStack
instanceKlass io/netty/util/ReferenceCountUtil
instanceKlass io/lettuce/core/protocol/Command
instanceKlass io/lettuce/core/protocol/CommandArgs$IntegerCache
instanceKlass io/lettuce/core/protocol/CommandArgs$SingularArgument
instanceKlass io/netty/channel/ServerChannel
instanceKlass reactor/core/publisher/DirectProcessor$1
instanceKlass io/lettuce/core/protocol/ChannelLogDescriptor
instanceKlass io/lettuce/core/event/connection/ConnectionEventSupport
instanceKlass io/lettuce/core/event/connection/ConnectionEvent
instanceKlass io/lettuce/core/ConnectionId
instanceKlass io/lettuce/core/AbstractRedisClient$$Lambda$1189
instanceKlass java/lang/invoke/LambdaForm$DMH
instanceKlass io/netty/channel/ChannelFutureListener$3
instanceKlass io/netty/channel/ChannelFutureListener$2
instanceKlass io/netty/channel/ChannelFutureListener$1
instanceKlass io/netty/channel/nio/AbstractNioChannel$AbstractNioUnsafe$2
instanceKlass io/netty/channel/nio/AbstractNioChannel$AbstractNioUnsafe$1
instanceKlass io/netty/util/internal/SocketUtils$3
instanceKlass io/netty/util/internal/logging/AbstractInternalLogger$1
instanceKlass io/netty/util/Recycler$DefaultHandle
instanceKlass io/netty/util/Recycler$LocalPool
instanceKlass io/netty/buffer/PooledUnsafeDirectByteBuf$1
instanceKlass io/netty/util/internal/ReferenceCountUpdater
instanceKlass io/netty/util/internal/shaded/org/jctools/queues/SupportsIterator
instanceKlass io/netty/util/internal/MathUtil
instanceKlass io/netty/util/Recycler$1
instanceKlass io/netty/util/Recycler$Handle
instanceKlass io/netty/util/internal/ObjectPool$Handle
instanceKlass io/netty/util/Recycler
instanceKlass io/netty/util/internal/ObjectPool
instanceKlass io/netty/buffer/PoolThreadCache$MemoryRegionCache$1
instanceKlass io/netty/util/internal/ObjectPool$ObjectCreator
instanceKlass io/netty/buffer/PoolThreadCache$MemoryRegionCache
instanceKlass io/lettuce/core/protocol/RedisHandshakeHandler$$Lambda$1188
instanceKlass io/netty/util/HashedWheelTimer$HashedWheelTimeout
instanceKlass io/lettuce/core/protocol/RedisHandshakeHandler$$Lambda$1187
instanceKlass io/netty/util/TimerTask
instanceKlass io/netty/util/Timeout
instanceKlass io/lettuce/core/protocol/RedisHandshakeHandler$$Lambda$1186
instanceKlass io/netty/bootstrap/Bootstrap$3
instanceKlass io/netty/resolver/InetSocketAddressResolver$1
instanceKlass io/netty/util/internal/SocketUtils$8
instanceKlass io/netty/util/concurrent/GenericProgressiveFutureListener
instanceKlass io/netty/resolver/AddressResolverGroup$1
instanceKlass io/netty/resolver/AbstractAddressResolver
instanceKlass io/netty/resolver/AddressResolver
instanceKlass io/netty/resolver/SimpleNameResolver
instanceKlass io/netty/resolver/NameResolver
instanceKlass io/netty/util/concurrent/DefaultFutureListeners
instanceKlass io/lettuce/core/resource/Delay$StatefulDelay
instanceKlass io/lettuce/core/protocol/ReconnectionHandler
instanceKlass io/lettuce/core/protocol/ConnectionWatchdog$$Lambda$1185
instanceKlass io/lettuce/core/protocol/ConnectionWatchdog$$Lambda$1184
instanceKlass io/lettuce/core/protocol/CommandHandler$BackpressureSource
instanceKlass io/lettuce/core/protocol/DemandAware$Source
instanceKlass io/lettuce/core/internal/LettuceSets
instanceKlass java/util/concurrent/ForkJoinPool$ManagedBlocker
instanceKlass io/lettuce/core/RedisClient$$Lambda$1183
instanceKlass io/lettuce/core/RedisClient$$Lambda$1182
instanceKlass io/netty/util/internal/TypeParameterMatcher
instanceKlass io/lettuce/core/AbstractRedisClient$$Lambda$1181
instanceKlass io/lettuce/core/ConnectionFuture
instanceKlass io/lettuce/core/AbstractRedisClient$$Lambda$1180
instanceKlass java/lang/invoke/LambdaForm$DMH
instanceKlass io/lettuce/core/AbstractRedisClient$$Lambda$1179
instanceKlass io/netty/bootstrap/Bootstrap$1
instanceKlass io/netty/util/internal/ThreadExecutorMap$2
instanceKlass io/netty/util/concurrent/SingleThreadEventExecutor$4
instanceKlass io/netty/util/concurrent/AbstractEventExecutor$LazyRunnable
instanceKlass io/netty/channel/AbstractChannel$AbstractUnsafe$1
instanceKlass io/netty/channel/ChannelHandler$Sharable
instanceKlass io/netty/channel/DefaultMaxMessagesRecvByteBufAllocator
instanceKlass io/netty/channel/MaxMessagesRecvByteBufAllocator
instanceKlass io/netty/channel/WriteBufferWaterMark
instanceKlass io/netty/channel/RecvByteBufAllocator
instanceKlass io/netty/channel/DefaultMessageSizeEstimator$HandleImpl
instanceKlass io/netty/channel/DefaultMessageSizeEstimator
instanceKlass io/netty/channel/MessageSizeEstimator
instanceKlass io/netty/channel/DefaultChannelConfig
instanceKlass io/netty/channel/socket/SocketChannelConfig
instanceKlass io/netty/channel/socket/DuplexChannelConfig
instanceKlass io/netty/channel/ChannelConfig
instanceKlass io/netty/channel/nio/AbstractNioByteChannel$1
instanceKlass io/netty/channel/nio/AbstractNioChannel$1
instanceKlass io/netty/channel/ChannelHandlerMask$Skip
instanceKlass io/netty/channel/ChannelHandlerMask$2
instanceKlass io/netty/channel/ChannelHandlerMask
instanceKlass io/netty/channel/AbstractChannelHandlerContext$Tasks
instanceKlass io/netty/channel/VoidChannelPromise$1
instanceKlass io/netty/channel/DefaultChannelPipeline$PendingHandlerCallback
instanceKlass io/netty/channel/MessageSizeEstimator$Handle
instanceKlass io/netty/channel/AbstractChannelHandlerContext
instanceKlass io/netty/util/ResourceLeakHint
instanceKlass io/netty/channel/ChannelHandlerContext
instanceKlass io/netty/channel/DefaultChannelPipeline
instanceKlass io/netty/channel/ChannelPipeline
instanceKlass io/netty/channel/ChannelInboundInvoker
instanceKlass io/netty/channel/ChannelOutboundBuffer$Entry
instanceKlass io/netty/channel/ChannelOutboundBuffer
instanceKlass io/netty/channel/AbstractChannel$AbstractUnsafe
instanceKlass io/netty/channel/nio/AbstractNioChannel$NioUnsafe
instanceKlass io/netty/channel/Channel$Unsafe
instanceKlass io/netty/util/internal/SocketUtils$13
instanceKlass io/netty/util/NetUtil$SoMaxConnAction
instanceKlass io/netty/util/NetUtilInitializations$NetworkIfaceAndInetAddress
instanceKlass io/netty/util/internal/SocketUtils$11
instanceKlass io/netty/util/internal/SocketUtils
instanceKlass io/netty/util/NetUtilInitializations
instanceKlass io/netty/util/NetUtil
instanceKlass io/netty/util/internal/MacAddressUtil
instanceKlass io/netty/channel/DefaultChannelId
instanceKlass io/netty/channel/ChannelId
instanceKlass io/netty/channel/ChannelFlushPromiseNotifier$FlushCheckpoint
instanceKlass io/netty/channel/ChannelPromise
instanceKlass io/netty/channel/ChannelFuture
instanceKlass io/netty/channel/socket/nio/SelectorProviderUtil
instanceKlass io/netty/channel/FileRegion
instanceKlass io/netty/channel/ChannelMetadata
instanceKlass io/netty/util/Attribute
instanceKlass io/lettuce/core/ConnectionBuilder$$Lambda$1178
instanceKlass reactor/core/publisher/Operators$CancelledSubscription
instanceKlass reactor/core/publisher/Operators$MonoSubscriber
instanceKlass io/lettuce/core/RedisClient$$Lambda$1177
instanceKlass reactor/core/publisher/FluxPeekFuseable$PeekConditionalSubscriber
instanceKlass reactor/core/publisher/MonoPeekTerminal$MonoTerminalPeekSubscriber
instanceKlass reactor/core/publisher/FluxPeekFuseable$PeekFuseableSubscriber
instanceKlass reactor/core/Fuseable$QueueSubscription
instanceKlass reactor/core/publisher/InnerOperator
instanceKlass reactor/core/publisher/LambdaMonoSubscriber
instanceKlass reactor/core/publisher/InnerConsumer
instanceKlass io/lettuce/core/AbstractRedisClient$$Lambda$1176
instanceKlass io/lettuce/core/AbstractRedisClient$$Lambda$1175
instanceKlass io/lettuce/core/AbstractRedisClient$$Lambda$1174
instanceKlass io/lettuce/core/AbstractRedisClient$$Lambda$1173
instanceKlass io/lettuce/core/AbstractRedisClient$$Lambda$1172
instanceKlass io/lettuce/core/event/connection/ConnectEvent
instanceKlass io/lettuce/core/event/connection/ConnectionCreatedEvent
instanceKlass io/lettuce/core/event/Event
instanceKlass io/lettuce/core/codec/StringCodec
instanceKlass io/lettuce/core/RedisHandshake
instanceKlass io/lettuce/core/protocol/ConnectionInitializer
instanceKlass io/netty/channel/ReflectiveChannelFactory
instanceKlass io/netty/channel/ChannelFactory
instanceKlass io/netty/bootstrap/ChannelFactory
instanceKlass io/netty/channel/nio/NioEventLoop$SelectorTuple
instanceKlass io/netty/channel/nio/NioEventLoop$4
instanceKlass io/netty/channel/nio/NioEventLoop$3
instanceKlass io/netty/channel/nio/NioEventLoop$1
instanceKlass io/netty/util/IntSupplier
instanceKlass io/netty/channel/DefaultSelectStrategy
instanceKlass io/netty/channel/SelectStrategy
instanceKlass io/netty/channel/EventLoop
instanceKlass io/netty/channel/DefaultSelectStrategyFactory
instanceKlass io/netty/channel/SelectStrategyFactory
instanceKlass io/lettuce/core/AbstractRedisClient$$Lambda$1171
instanceKlass io/netty/util/DefaultAttributeMap
instanceKlass io/netty/channel/socket/SocketChannel
instanceKlass io/netty/channel/socket/DuplexChannel
instanceKlass io/lettuce/core/resource/EpollProvider$$Lambda$1170
instanceKlass io/lettuce/core/resource/EpollProvider
instanceKlass io/lettuce/core/resource/IOUringProvider$$Lambda$1169
instanceKlass io/lettuce/core/resource/IOUringProvider
instanceKlass io/lettuce/core/resource/KqueueProvider$$Lambda$1168
instanceKlass io/lettuce/core/resource/EventLoopResourcesWrapper
instanceKlass io/lettuce/core/resource/EventLoopResources
instanceKlass io/lettuce/core/resource/KqueueProvider
instanceKlass io/lettuce/core/resource/Transports$NativeTransports
instanceKlass io/lettuce/core/resource/Transports
instanceKlass io/lettuce/core/AbstractRedisClient$$Lambda$1167
instanceKlass io/netty/channel/EventLoopGroup
instanceKlass io/netty/buffer/ByteBufUtil$2
instanceKlass io/netty/util/ByteProcessor
instanceKlass io/netty/buffer/PooledByteBufAllocatorMetric
instanceKlass io/netty/buffer/ByteBufAllocatorMetric
instanceKlass io/netty/buffer/PoolChunkList
instanceKlass io/netty/buffer/PoolChunkListMetric
instanceKlass io/netty/buffer/PoolSubpage
instanceKlass io/netty/buffer/PoolSubpageMetric
instanceKlass java/util/concurrent/atomic/Striped64$Cell
instanceKlass io/netty/util/internal/LongCounter
instanceKlass io/netty/buffer/PoolThreadCache
instanceKlass io/netty/buffer/SizeClasses
instanceKlass io/netty/buffer/PoolArenaMetric
instanceKlass io/netty/buffer/SizeClassesMetric
instanceKlass io/netty/buffer/PooledByteBufAllocator$1
instanceKlass io/netty/util/NettyRuntime$AvailableProcessorsHolder
instanceKlass io/netty/buffer/ByteBuf
instanceKlass io/netty/buffer/ByteBufConvertible
instanceKlass io/netty/util/ReferenceCounted
instanceKlass io/netty/util/CharsetUtil
instanceKlass io/netty/buffer/ByteBufUtil
instanceKlass io/netty/bootstrap/AbstractBootstrapConfig
instanceKlass io/netty/bootstrap/AbstractBootstrap
instanceKlass reactor/core/publisher/OptimizableOperator
instanceKlass reactor/core/publisher/SignalPeek
instanceKlass reactor/core/Fuseable
instanceKlass io/lettuce/core/RedisClient$$Lambda$1166
instanceKlass reactor/core/publisher/Mono$$Lambda$1165
instanceKlass io/lettuce/core/RedisClient$$Lambda$1164
instanceKlass io/lettuce/core/protocol/ReconnectionListener$1
instanceKlass io/lettuce/core/protocol/ReconnectionListener
instanceKlass io/netty/util/ConstantPool
instanceKlass io/netty/util/AbstractConstant
instanceKlass io/netty/util/Constant
instanceKlass io/lettuce/core/ConnectionBuilder
instanceKlass io/lettuce/core/RedisClient$$Lambda$1163
instanceKlass io/netty/channel/ChannelOutboundHandler
instanceKlass io/lettuce/core/protocol/HasQueuedCommands
instanceKlass io/lettuce/core/AbstractRedisReactiveCommands
instanceKlass io/lettuce/core/api/reactive/RedisReactiveCommands
instanceKlass io/lettuce/core/api/reactive/RedisTransactionalReactiveCommands
instanceKlass io/lettuce/core/cluster/api/reactive/RedisClusterReactiveCommands
instanceKlass io/lettuce/core/api/reactive/RedisStringReactiveCommands
